<?xml version="1.0" encoding="UTF-8"?>
<testsuites name="Amazon_Test Suite" time="187.827" tests="5" failures="0" errors="0">
   <testsuite name="Amazon_Test Suite" tests="5" failures="0" errors="0" time="187.827" skipped="0" timestamp="27-01-2024T00:43:17" hostname="Harini - DESKTOP-08P78B5" id="Test Suites/Amazon_Validation/Amazon_Test Suite">
      <properties>
         <property name="deviceName" value=""/>
         <property name="devicePlatform" value=""/>
         <property name="logFolder" value="C:\\Users\\Harini\\Katalon Studio\\Katalon_VIP_Amazon_Application_Testing\\Reports\\20240127_004304\\Amazon_Validation\\Amazon_Test Suite\\20240127_004305"/>
         <property name="logFiles" value="C:\\Users\\Harini\\Katalon Studio\\Katalon_VIP_Amazon_Application_Testing\\Reports\\20240127_004304\\Amazon_Validation\\Amazon_Test Suite\\20240127_004305\\execution0.log"/>
         <property name="attachments" value=""/>
         <property name="hostName" value="Harini - DESKTOP-08P78B5"/>
         <property name="os" value="Windows 11 64bit"/>
         <property name="katalonVersion" value="9.1.0.212"/>
         <property name="browser" value="Chrome 120.0.0.0"/>
         <property name="hostAddress" value="192.168.1.40"/>
         <property name="sessionId" value="393df5c1c2b063de304a618d14d435eb"/>
         <property name="seleniumVersion" value="3.141.59"/>
         <property name="proxyInformation" value="ProxyInformation { proxyOption=NO_PROXY, proxyServerType=HTTP, username=, password=********, proxyServerAddress=, proxyServerPort=0, executionList=&quot;&quot;, isApplyToDesiredCapabilities=true }"/>
         <property name="platform" value="Windows 11"/>
      </properties>
      <testcase name="Test Cases/TC_Amazon_Validation/TC_Amazon_Registration_001" time="30.259" classname="Test Cases/TC_Amazon_Validation/TC_Amazon_Registration_001" status="PASSED">
         <system-out><![CDATA[27-01-2024T00:43:17 - [TEST_CASE][PASSED] - Test Cases/TC_Amazon_Validation/TC_Amazon_Registration_001: Test Cases/TC_Amazon_Validation/TC_Amazon_Registration_001

27-01-2024T00:43:18 - [TEST_STEP][PASSED] - openBrowser(""): Browser is opened with url: ''

27-01-2024T00:43:18 - [MESSAGE][INFO] - Starting 'Chrome' driver

27-01-2024T00:43:19 - [MESSAGE][INFO] - Action delay is set to 0 milliseconds

27-01-2024T00:43:21 - [MESSAGE][PASSED] - Browser is opened with url: ''

27-01-2024T00:43:21 - [TEST_STEP][PASSED] - navigateToUrl("https://www.amazon.com/"): Navigate to 'https://www.amazon.com/' successfully

27-01-2024T00:43:30 - [MESSAGE][PASSED] - Navigate to 'https://www.amazon.com/' successfully

27-01-2024T00:43:30 - [TEST_STEP][PASSED] - maximizeWindow(): Current window maximized

27-01-2024T00:43:31 - [MESSAGE][PASSED] - Current window maximized

27-01-2024T00:43:31 - [TEST_STEP][PASSED] - click(findTestObject("Object Repository/Amazon_Registration_OR/Page_Amazon.com. Spend less. Smile more/span_Hello, sign in")): Object: 'Object Repository/Amazon_Registration_OR/Page_Amazon.com. Spend less. Smile more/span_Hello, sign in' is clicked on

27-01-2024T00:43:35 - [MESSAGE][PASSED] - Object: 'Object Repository/Amazon_Registration_OR/Page_Amazon.com. Spend less. Smile more/span_Hello, sign in' is clicked on

27-01-2024T00:43:35 - [TEST_STEP][PASSED] - click(findTestObject("Object Repository/Amazon_Registration_OR/Page_Amazon Sign-In/a_Create your Amazon account")): Object: 'Object Repository/Amazon_Registration_OR/Page_Amazon Sign-In/a_Create your Amazon account' is clicked on

27-01-2024T00:43:39 - [MESSAGE][PASSED] - Object: 'Object Repository/Amazon_Registration_OR/Page_Amazon Sign-In/a_Create your Amazon account' is clicked on

27-01-2024T00:43:39 - [TEST_STEP][PASSED] - setText(findTestObject("Object Repository/Amazon_Registration_OR/Page_Amazon Registration/input_customerName"), "Nitheeshaaa"): Text 'Nitheeshaaa' is set on object 'Object Repository/Amazon_Registration_OR/Page_Amazon Registration/input_customerName'

27-01-2024T00:43:40 - [MESSAGE][PASSED] - Text 'Nitheeshaaa' is set on object 'Object Repository/Amazon_Registration_OR/Page_Amazon Registration/input_customerName'

27-01-2024T00:43:40 - [TEST_STEP][PASSED] - setText(findTestObject("Object Repository/Amazon_Registration_OR/Page_Amazon Registration/input_email"), "6301737617"): Text '6301737617' is set on object 'Object Repository/Amazon_Registration_OR/Page_Amazon Registration/input_email'

27-01-2024T00:43:42 - [MESSAGE][PASSED] - Text '6301737617' is set on object 'Object Repository/Amazon_Registration_OR/Page_Amazon Registration/input_email'

27-01-2024T00:43:42 - [TEST_STEP][PASSED] - click(findTestObject("Object Repository/Amazon_Registration_OR/Page_Amazon Registration/span_US 1")): Object: 'Object Repository/Amazon_Registration_OR/Page_Amazon Registration/span_US 1' is clicked on

27-01-2024T00:43:42 - [MESSAGE][PASSED] - Object: 'Object Repository/Amazon_Registration_OR/Page_Amazon Registration/span_US 1' is clicked on

27-01-2024T00:43:42 - [TEST_STEP][PASSED] - click(findTestObject("Object Repository/Amazon_Registration_OR/Page_Amazon Registration/a_India 91")): Object: 'Object Repository/Amazon_Registration_OR/Page_Amazon Registration/a_India 91' is clicked on

27-01-2024T00:43:43 - [MESSAGE][PASSED] - Object: 'Object Repository/Amazon_Registration_OR/Page_Amazon Registration/a_India 91' is clicked on

27-01-2024T00:43:43 - [TEST_STEP][PASSED] - setEncryptedText(findTestObject("Object Repository/Amazon_Registration_OR/Page_Amazon Registration/input_password"), "J8q1Kij5A04="): Text ****** has been set on object 'Object Repository/Amazon_Registration_OR/Page_Amazon Registration/input_password'

27-01-2024T00:43:44 - [MESSAGE][PASSED] - Text ****** has been set on object 'Object Repository/Amazon_Registration_OR/Page_Amazon Registration/input_password'

27-01-2024T00:43:44 - [TEST_STEP][PASSED] - setEncryptedText(findTestObject("Object Repository/Amazon_Registration_OR/Page_Amazon Registration/input_passwordCheck"), "J8q1Kij5A04="): Text ****** has been set on object 'Object Repository/Amazon_Registration_OR/Page_Amazon Registration/input_passwordCheck'

27-01-2024T00:43:45 - [MESSAGE][PASSED] - Text ****** has been set on object 'Object Repository/Amazon_Registration_OR/Page_Amazon Registration/input_passwordCheck'

27-01-2024T00:43:45 - [TEST_STEP][PASSED] - click(findTestObject("Object Repository/Amazon_Registration_OR/Page_Amazon Registration/inputcontinue")): Object: 'Object Repository/Amazon_Registration_OR/Page_Amazon Registration/inputcontinue' is clicked on

27-01-2024T00:43:47 - [MESSAGE][PASSED] - Object: 'Object Repository/Amazon_Registration_OR/Page_Amazon Registration/inputcontinue' is clicked on

27-01-2024T00:43:47 - [TEST_STEP][PASSED] - closeBrowser(): Browser is closed

27-01-2024T00:43:47 - [MESSAGE][PASSED] - Browser is closed]]></system-out>
         <system-err><![CDATA[]]></system-err>
      </testcase>
      <testcase name="Test Cases/TC_Amazon_Validation/TC_Amazon_Sign In_002" time="29.631" classname="Test Cases/TC_Amazon_Validation/TC_Amazon_Sign In_002" status="PASSED">
         <system-out><![CDATA[27-01-2024T00:43:47 - [TEST_CASE][PASSED] - Test Cases/TC_Amazon_Validation/TC_Amazon_Sign In_002: Test Cases/TC_Amazon_Validation/TC_Amazon_Sign In_002

27-01-2024T00:43:48 - [TEST_STEP][PASSED] - openBrowser(""): Browser is opened with url: ''

27-01-2024T00:43:48 - [MESSAGE][INFO] - Starting 'Chrome' driver

27-01-2024T00:43:48 - [MESSAGE][INFO] - Action delay is set to 0 milliseconds

27-01-2024T00:43:49 - [MESSAGE][PASSED] - Browser is opened with url: ''

27-01-2024T00:43:49 - [TEST_STEP][PASSED] - navigateToUrl("https://www.amazon.com/"): Navigate to 'https://www.amazon.com/' successfully

27-01-2024T00:43:57 - [MESSAGE][PASSED] - Navigate to 'https://www.amazon.com/' successfully

27-01-2024T00:43:57 - [TEST_STEP][PASSED] - maximizeWindow(): Current window maximized

27-01-2024T00:43:57 - [MESSAGE][PASSED] - Current window maximized

27-01-2024T00:43:57 - [TEST_STEP][PASSED] - click(findTestObject("Object Repository/Amazon_Sign In_OR/Page_Amazon.com. Spend less. Smile more/span_Hello, sign in")): Object: 'Object Repository/Amazon_Sign In_OR/Page_Amazon.com. Spend less. Smile more/span_Hello, sign in' is clicked on

27-01-2024T00:44:03 - [MESSAGE][PASSED] - Object: 'Object Repository/Amazon_Sign In_OR/Page_Amazon.com. Spend less. Smile more/span_Hello, sign in' is clicked on

27-01-2024T00:44:03 - [TEST_STEP][PASSED] - setText(findTestObject("Object Repository/Amazon_Sign In_OR/Page_Amazon Sign-In/input_email"), "nitheeshaboggavarapu@gmail.com"): Text 'nitheeshaboggavarapu@gmail.com' is set on object 'Object Repository/Amazon_Sign In_OR/Page_Amazon Sign-In/input_email'

27-01-2024T00:44:06 - [MESSAGE][PASSED] - Text 'nitheeshaboggavarapu@gmail.com' is set on object 'Object Repository/Amazon_Sign In_OR/Page_Amazon Sign-In/input_email'

27-01-2024T00:44:06 - [TEST_STEP][PASSED] - click(findTestObject("Object Repository/Amazon_Sign In_OR/Page_Amazon Sign-In/inputcontinue")): Object: 'Object Repository/Amazon_Sign In_OR/Page_Amazon Sign-In/inputcontinue' is clicked on

27-01-2024T00:44:09 - [MESSAGE][PASSED] - Object: 'Object Repository/Amazon_Sign In_OR/Page_Amazon Sign-In/inputcontinue' is clicked on

27-01-2024T00:44:09 - [TEST_STEP][PASSED] - setEncryptedText(findTestObject("Object Repository/Amazon_Sign In_OR/Page_Amazon Sign-In/input_password"), "nRJItQ52hW9bpRr794Hihg=="): Text ****** has been set on object 'Object Repository/Amazon_Sign In_OR/Page_Amazon Sign-In/input_password'

27-01-2024T00:44:11 - [MESSAGE][PASSED] - Text ****** has been set on object 'Object Repository/Amazon_Sign In_OR/Page_Amazon Sign-In/input_password'

27-01-2024T00:44:11 - [TEST_STEP][PASSED] - click(findTestObject("Object Repository/Amazon_Sign In_OR/Page_Amazon Sign-In/inputsignInSubmit")): Object: 'Object Repository/Amazon_Sign In_OR/Page_Amazon Sign-In/inputsignInSubmit' is clicked on

27-01-2024T00:44:12 - [MESSAGE][PASSED] - Object: 'Object Repository/Amazon_Sign In_OR/Page_Amazon Sign-In/inputsignInSubmit' is clicked on

27-01-2024T00:44:12 - [TEST_STEP][PASSED] - closeBrowser(): Browser is closed

27-01-2024T00:44:17 - [MESSAGE][PASSED] - Browser is closed]]></system-out>
         <system-err><![CDATA[]]></system-err>
      </testcase>
      <testcase name="Test Cases/TC_Amazon_Validation/TC_Amazon_Search_003" time="25.845" classname="Test Cases/TC_Amazon_Validation/TC_Amazon_Search_003" status="PASSED">
         <system-out><![CDATA[27-01-2024T00:44:17 - [TEST_CASE][PASSED] - Test Cases/TC_Amazon_Validation/TC_Amazon_Search_003: Test Cases/TC_Amazon_Validation/TC_Amazon_Search_003

27-01-2024T00:44:17 - [TEST_STEP][PASSED] - openBrowser(""): Browser is opened with url: ''

27-01-2024T00:44:17 - [MESSAGE][INFO] - Starting 'Chrome' driver

27-01-2024T00:44:17 - [MESSAGE][INFO] - Action delay is set to 0 milliseconds

27-01-2024T00:44:20 - [MESSAGE][PASSED] - Browser is opened with url: ''

27-01-2024T00:44:20 - [TEST_STEP][PASSED] - navigateToUrl("https://www.amazon.com/"): Navigate to 'https://www.amazon.com/' successfully

27-01-2024T00:44:28 - [MESSAGE][PASSED] - Navigate to 'https://www.amazon.com/' successfully

27-01-2024T00:44:28 - [TEST_STEP][PASSED] - maximizeWindow(): Current window maximized

27-01-2024T00:44:28 - [MESSAGE][PASSED] - Current window maximized

27-01-2024T00:44:28 - [TEST_STEP][PASSED] - selectOptionByValue(findTestObject("Object Repository/Amazon_Search_OR/Page_Amazon.com. Spend less. Smile more/select_All Departments        Arts  Crafts _135c92"), "search-alias=baby-products-intl-ship", true): All options with value 'search-alias=baby-products-intl-ship' are selected in object 'Object Repository/Amazon_Search_OR/Page_Amazon.com. Spend less. Smile more/select_All Departments        Arts  Crafts _135c92'  using regular expression

27-01-2024T00:44:33 - [MESSAGE][PASSED] - All options with value 'search-alias=baby-products-intl-ship' are selected in object 'Object Repository/Amazon_Search_OR/Page_Amazon.com. Spend less. Smile more/select_All Departments        Arts  Crafts _135c92'  using regular expression

27-01-2024T00:44:33 - [TEST_STEP][PASSED] - setText(findTestObject("Object Repository/Amazon_Search_OR/Page_Amazon.com. Spend less. Smile more/input_field-keywords"), "Stroller"): Text 'Stroller' is set on object 'Object Repository/Amazon_Search_OR/Page_Amazon.com. Spend less. Smile more/input_field-keywords'

27-01-2024T00:44:35 - [MESSAGE][PASSED] - Text 'Stroller' is set on object 'Object Repository/Amazon_Search_OR/Page_Amazon.com. Spend less. Smile more/input_field-keywords'

27-01-2024T00:44:35 - [TEST_STEP][PASSED] - click(findTestObject("Object Repository/Amazon_Search_OR/Page_Amazon.com. Spend less. Smile more/inputnav-search-submit-button")): Object: 'Object Repository/Amazon_Search_OR/Page_Amazon.com. Spend less. Smile more/inputnav-search-submit-button' is clicked on

27-01-2024T00:44:42 - [MESSAGE][PASSED] - Object: 'Object Repository/Amazon_Search_OR/Page_Amazon.com. Spend less. Smile more/inputnav-search-submit-button' is clicked on

27-01-2024T00:44:42 - [TEST_STEP][PASSED] - closeBrowser(): Browser is closed

27-01-2024T00:44:43 - [MESSAGE][PASSED] - Browser is closed]]></system-out>
         <system-err><![CDATA[]]></system-err>
      </testcase>
      <testcase name="Test Cases/TC_Amazon_Validation/TC_Amazon_Add to Cart_004" time="59.323" classname="Test Cases/TC_Amazon_Validation/TC_Amazon_Add to Cart_004" status="PASSED">
         <system-out><![CDATA[27-01-2024T00:44:43 - [TEST_CASE][PASSED] - Test Cases/TC_Amazon_Validation/TC_Amazon_Add to Cart_004: Test Cases/TC_Amazon_Validation/TC_Amazon_Add to Cart_004

27-01-2024T00:44:43 - [TEST_STEP][PASSED] - openBrowser(""): Browser is opened with url: ''

27-01-2024T00:44:43 - [MESSAGE][INFO] - Starting 'Chrome' driver

27-01-2024T00:44:43 - [MESSAGE][INFO] - Action delay is set to 0 milliseconds

27-01-2024T00:44:45 - [MESSAGE][PASSED] - Browser is opened with url: ''

27-01-2024T00:44:45 - [TEST_STEP][PASSED] - navigateToUrl("https://www.amazon.com/"): Navigate to 'https://www.amazon.com/' successfully

27-01-2024T00:44:53 - [MESSAGE][PASSED] - Navigate to 'https://www.amazon.com/' successfully

27-01-2024T00:44:53 - [TEST_STEP][PASSED] - maximizeWindow(): Current window maximized

27-01-2024T00:44:54 - [MESSAGE][PASSED] - Current window maximized

27-01-2024T00:44:54 - [TEST_STEP][PASSED] - selectOptionByValue(findTestObject("Object Repository/Amazon_Add to Cart_OR/Page_Amazon.com. Spend less. Smile more/select_All Departments        Arts  Crafts _135c92"), "search-alias=electronics-intl-ship", true): All options with value 'search-alias=electronics-intl-ship' are selected in object 'Object Repository/Amazon_Add to Cart_OR/Page_Amazon.com. Spend less. Smile more/select_All Departments        Arts  Crafts _135c92'  using regular expression

27-01-2024T00:44:58 - [MESSAGE][PASSED] - All options with value 'search-alias=electronics-intl-ship' are selected in object 'Object Repository/Amazon_Add to Cart_OR/Page_Amazon.com. Spend less. Smile more/select_All Departments        Arts  Crafts _135c92'  using regular expression

27-01-2024T00:44:58 - [TEST_STEP][PASSED] - setText(findTestObject("Object Repository/Amazon_Add to Cart_OR/Page_Amazon.com. Spend less. Smile more/input_field-keywords"), "Mouse"): Text 'Mouse' is set on object 'Object Repository/Amazon_Add to Cart_OR/Page_Amazon.com. Spend less. Smile more/input_field-keywords'

27-01-2024T00:45:01 - [MESSAGE][PASSED] - Text 'Mouse' is set on object 'Object Repository/Amazon_Add to Cart_OR/Page_Amazon.com. Spend less. Smile more/input_field-keywords'

27-01-2024T00:45:01 - [TEST_STEP][PASSED] - click(findTestObject("Object Repository/Amazon_Add to Cart_OR/Page_Amazon.com. Spend less. Smile more/inputnav-search-submit-button")): Object: 'Object Repository/Amazon_Add to Cart_OR/Page_Amazon.com. Spend less. Smile more/inputnav-search-submit-button' is clicked on

27-01-2024T00:45:09 - [MESSAGE][PASSED] - Object: 'Object Repository/Amazon_Add to Cart_OR/Page_Amazon.com. Spend less. Smile more/inputnav-search-submit-button' is clicked on

27-01-2024T00:45:09 - [TEST_STEP][PASSED] - click(findTestObject("Object Repository/Amazon_Add to Cart_OR/Page_Amazon.com  Mouse/span_Amazon Basics 2.4 Ghz Wireless Optical_dbf87c")): Object: 'Object Repository/Amazon_Add to Cart_OR/Page_Amazon.com  Mouse/span_Amazon Basics 2.4 Ghz Wireless Optical_dbf87c' is clicked on

27-01-2024T00:45:29 - [MESSAGE][PASSED] - Object: 'Object Repository/Amazon_Add to Cart_OR/Page_Amazon.com  Mouse/span_Amazon Basics 2.4 Ghz Wireless Optical_dbf87c' is clicked on

27-01-2024T00:45:29 - [TEST_STEP][PASSED] - click(findTestObject("Object Repository/Amazon_Add to Cart_OR/Page_Amazon.com Amazon Basics 2.4 Ghz Wirel_3fd674/span_Quantity1")): Object: 'Object Repository/Amazon_Add to Cart_OR/Page_Amazon.com Amazon Basics 2.4 Ghz Wirel_3fd674/span_Quantity1' is clicked on

27-01-2024T00:45:35 - [MESSAGE][PASSED] - Object: 'Object Repository/Amazon_Add to Cart_OR/Page_Amazon.com Amazon Basics 2.4 Ghz Wirel_3fd674/span_Quantity1' is clicked on

27-01-2024T00:45:35 - [TEST_STEP][PASSED] - click(findTestObject("Object Repository/Amazon_Add to Cart_OR/Page_Amazon.com Amazon Basics 2.4 Ghz Wirel_3fd674/a_5")): Object: 'Object Repository/Amazon_Add to Cart_OR/Page_Amazon.com Amazon Basics 2.4 Ghz Wirel_3fd674/a_5' is clicked on

27-01-2024T00:45:36 - [MESSAGE][PASSED] - Object: 'Object Repository/Amazon_Add to Cart_OR/Page_Amazon.com Amazon Basics 2.4 Ghz Wirel_3fd674/a_5' is clicked on

27-01-2024T00:45:36 - [TEST_STEP][PASSED] - click(findTestObject("Object Repository/Amazon_Add to Cart_OR/Page_Amazon.com Amazon Basics 2.4 Ghz Wirel_3fd674/input_gift-wrap")): Object: 'Object Repository/Amazon_Add to Cart_OR/Page_Amazon.com Amazon Basics 2.4 Ghz Wirel_3fd674/input_gift-wrap' is clicked on

27-01-2024T00:45:38 - [MESSAGE][PASSED] - Object: 'Object Repository/Amazon_Add to Cart_OR/Page_Amazon.com Amazon Basics 2.4 Ghz Wirel_3fd674/input_gift-wrap' is clicked on

27-01-2024T00:45:38 - [TEST_STEP][PASSED] - click(findTestObject("Object Repository/Amazon_Add to Cart_OR/Page_Amazon.com Amazon Basics 2.4 Ghz Wirel_3fd674/input_submit.add-to-cart")): Object: 'Object Repository/Amazon_Add to Cart_OR/Page_Amazon.com Amazon Basics 2.4 Ghz Wirel_3fd674/input_submit.add-to-cart' is clicked on

27-01-2024T00:45:41 - [MESSAGE][PASSED] - Object: 'Object Repository/Amazon_Add to Cart_OR/Page_Amazon.com Amazon Basics 2.4 Ghz Wirel_3fd674/input_submit.add-to-cart' is clicked on

27-01-2024T00:45:41 - [TEST_STEP][PASSED] - closeBrowser(): Browser is closed

27-01-2024T00:45:42 - [MESSAGE][PASSED] - Browser is closed]]></system-out>
         <system-err><![CDATA[]]></system-err>
      </testcase>
      <testcase name="Test Cases/TC_Amazon_Validation/TC_Amazon_Orders_005" time="42.309" classname="Test Cases/TC_Amazon_Validation/TC_Amazon_Orders_005" status="PASSED">
         <system-out><![CDATA[27-01-2024T00:45:42 - [TEST_CASE][PASSED] - Test Cases/TC_Amazon_Validation/TC_Amazon_Orders_005: Test Cases/TC_Amazon_Validation/TC_Amazon_Orders_005

27-01-2024T00:45:42 - [TEST_STEP][PASSED] - openBrowser(""): Browser is opened with url: ''

27-01-2024T00:45:42 - [MESSAGE][INFO] - Starting 'Chrome' driver

27-01-2024T00:45:42 - [MESSAGE][INFO] - Action delay is set to 0 milliseconds

27-01-2024T00:45:45 - [MESSAGE][PASSED] - Browser is opened with url: ''

27-01-2024T00:45:45 - [TEST_STEP][PASSED] - navigateToUrl("https://www.amazon.com/"): Navigate to 'https://www.amazon.com/' successfully

27-01-2024T00:45:53 - [MESSAGE][PASSED] - Navigate to 'https://www.amazon.com/' successfully

27-01-2024T00:45:53 - [TEST_STEP][PASSED] - click(findTestObject("Object Repository/Amazon_Orders_OR/Page_Amazon.com. Spend less. Smile more/span_nav-cart-icon nav-sprite")): Object: 'Object Repository/Amazon_Orders_OR/Page_Amazon.com. Spend less. Smile more/span_nav-cart-icon nav-sprite' is clicked on

27-01-2024T00:45:59 - [MESSAGE][PASSED] - Object: 'Object Repository/Amazon_Orders_OR/Page_Amazon.com. Spend less. Smile more/span_nav-cart-icon nav-sprite' is clicked on

27-01-2024T00:45:59 - [TEST_STEP][PASSED] - click(findTestObject("Object Repository/Amazon_Orders_OR/Page_Amazon.com Shopping Cart/span_Sign in to your account")): Object: 'Object Repository/Amazon_Orders_OR/Page_Amazon.com Shopping Cart/span_Sign in to your account' is clicked on

27-01-2024T00:46:04 - [MESSAGE][PASSED] - Object: 'Object Repository/Amazon_Orders_OR/Page_Amazon.com Shopping Cart/span_Sign in to your account' is clicked on

27-01-2024T00:46:04 - [TEST_STEP][PASSED] - setText(findTestObject("Object Repository/Amazon_Orders_OR/Page_Amazon Sign-In/input_email"), "nitheeshaboggavarapu@gmail.com"): Text 'nitheeshaboggavarapu@gmail.com' is set on object 'Object Repository/Amazon_Orders_OR/Page_Amazon Sign-In/input_email'

27-01-2024T00:46:08 - [MESSAGE][PASSED] - Text 'nitheeshaboggavarapu@gmail.com' is set on object 'Object Repository/Amazon_Orders_OR/Page_Amazon Sign-In/input_email'

27-01-2024T00:46:08 - [TEST_STEP][PASSED] - click(findTestObject("Object Repository/Amazon_Orders_OR/Page_Amazon Sign-In/inputcontinue")): Object: 'Object Repository/Amazon_Orders_OR/Page_Amazon Sign-In/inputcontinue' is clicked on

27-01-2024T00:46:10 - [MESSAGE][PASSED] - Object: 'Object Repository/Amazon_Orders_OR/Page_Amazon Sign-In/inputcontinue' is clicked on

27-01-2024T00:46:10 - [TEST_STEP][PASSED] - setEncryptedText(findTestObject("Object Repository/Amazon_Orders_OR/Page_Amazon Sign-In/input_password"), "nRJItQ52hW9bpRr794Hihg=="): Text ****** has been set on object 'Object Repository/Amazon_Orders_OR/Page_Amazon Sign-In/input_password'

27-01-2024T00:46:12 - [MESSAGE][PASSED] - Text ****** has been set on object 'Object Repository/Amazon_Orders_OR/Page_Amazon Sign-In/input_password'

27-01-2024T00:46:12 - [TEST_STEP][PASSED] - click(findTestObject("Object Repository/Amazon_Orders_OR/Page_Amazon Sign-In/inputsignInSubmit")): Object: 'Object Repository/Amazon_Orders_OR/Page_Amazon Sign-In/inputsignInSubmit' is clicked on

27-01-2024T00:46:12 - [MESSAGE][PASSED] - Object: 'Object Repository/Amazon_Orders_OR/Page_Amazon Sign-In/inputsignInSubmit' is clicked on

27-01-2024T00:46:12 - [TEST_STEP][PASSED] - click(findTestObject("Object Repository/Amazon_Orders_OR/Page_Amazon.com Shopping Cart/input_proceedToRetailCheckout")): Object: 'Object Repository/Amazon_Orders_OR/Page_Amazon.com Shopping Cart/input_proceedToRetailCheckout' is clicked on

27-01-2024T00:46:24 - [MESSAGE][PASSED] - Object: 'Object Repository/Amazon_Orders_OR/Page_Amazon.com Shopping Cart/input_proceedToRetailCheckout' is clicked on

27-01-2024T00:46:24 - [TEST_STEP][PASSED] - closeBrowser(): Browser is closed

27-01-2024T00:46:25 - [MESSAGE][PASSED] - Browser is closed]]></system-out>
         <system-err><![CDATA[]]></system-err>
      </testcase>
      <system-out><![CDATA[27-01-2024T00:43:17 - [TEST_SUITE][PASSED] - Amazon_Test Suite: Test Cases/TC_Amazon_Validation/TC_Amazon_Orders_005]]></system-out>
      <system-err><![CDATA[]]></system-err>
   </testsuite>
</testsuites>
