<?xml version="1.0" encoding="UTF-8"?>
<testsuites name="Amazon_Test Suite" time="524.012" tests="5" failures="0" errors="0">
   <testsuite name="Amazon_Test Suite" tests="5" failures="0" errors="0" time="524.012" skipped="0" timestamp="27-01-2024T01:29:20" hostname="Harini - DESKTOP-08P78B5" id="Test Suites/Amazon_Validation/Amazon_Test Suite">
      <properties>
         <property name="deviceName" value=""/>
         <property name="devicePlatform" value=""/>
         <property name="logFolder" value="C:\\Users\\Harini\\Katalon Studio\\Katalon_VIP_Amazon_Application_Testing\\Reports\\20240127_012855\\Amazon_Validation\\Amazon_Test Suite\\20240127_012859"/>
         <property name="logFiles" value="C:\\Users\\Harini\\Katalon Studio\\Katalon_VIP_Amazon_Application_Testing\\Reports\\20240127_012855\\Amazon_Validation\\Amazon_Test Suite\\20240127_012859\\execution0.log"/>
         <property name="attachments" value=""/>
         <property name="hostName" value="Harini - DESKTOP-08P78B5"/>
         <property name="os" value="Windows 11 64bit"/>
         <property name="katalonVersion" value="9.1.0.212"/>
         <property name="browser" value="Chrome 120.0.0.0"/>
         <property name="hostAddress" value="192.168.1.40"/>
         <property name="sessionId" value="f1c76709efe4243262e78e15c632b511"/>
         <property name="seleniumVersion" value="3.141.59"/>
         <property name="proxyInformation" value="ProxyInformation { proxyOption=NO_PROXY, proxyServerType=HTTP, username=, password=********, proxyServerAddress=, proxyServerPort=0, executionList=&quot;&quot;, isApplyToDesiredCapabilities=true }"/>
         <property name="platform" value="Windows 11"/>
      </properties>
      <testcase name="Test Cases/TC_Amazon_Validation/TC_Amazon_Registration_001" time="381.927" classname="Test Cases/TC_Amazon_Validation/TC_Amazon_Registration_001" status="PASSED">
         <system-out><![CDATA[27-01-2024T01:29:21 - [TEST_CASE][PASSED] - Test Cases/TC_Amazon_Validation/TC_Amazon_Registration_001: Test Cases/TC_Amazon_Validation/TC_Amazon_Registration_001

27-01-2024T01:29:22 - [TEST_STEP][PASSED] - openBrowser(""): Browser is opened with url: ''

27-01-2024T01:29:22 - [MESSAGE][INFO] - Starting 'Chrome' driver

27-01-2024T01:29:22 - [MESSAGE][INFO] - Action delay is set to 0 milliseconds

27-01-2024T01:29:27 - [MESSAGE][PASSED] - Browser is opened with url: ''

27-01-2024T01:29:27 - [TEST_STEP][PASSED] - navigateToUrl("https://www.amazon.com/"): Navigate to 'https://www.amazon.com/' successfully

27-01-2024T01:29:29 - [MESSAGE][PASSED] - Navigate to 'https://www.amazon.com/' successfully

27-01-2024T01:29:29 - [TEST_STEP][PASSED] - maximizeWindow(): Current window maximized

27-01-2024T01:31:21 - [MESSAGE][PASSED] - Current window maximized

27-01-2024T01:31:21 - [TEST_STEP][PASSED] - click(findTestObject("Object Repository/Amazon_Registration_OR/Page_Amazon.com. Spend less. Smile more/span_Hello, sign in")): Object: 'Object Repository/Amazon_Registration_OR/Page_Amazon.com. Spend less. Smile more/span_Hello, sign in' is clicked on

27-01-2024T01:31:36 - [MESSAGE][PASSED] - Object: 'Object Repository/Amazon_Registration_OR/Page_Amazon.com. Spend less. Smile more/span_Hello, sign in' is clicked on

27-01-2024T01:31:36 - [TEST_STEP][PASSED] - click(findTestObject("Object Repository/Amazon_Registration_OR/Page_Amazon Sign-In/a_Create your Amazon account")): Object: 'Object Repository/Amazon_Registration_OR/Page_Amazon Sign-In/a_Create your Amazon account' is clicked on

27-01-2024T01:31:38 - [MESSAGE][PASSED] - Object: 'Object Repository/Amazon_Registration_OR/Page_Amazon Sign-In/a_Create your Amazon account' is clicked on

27-01-2024T01:31:38 - [TEST_STEP][PASSED] - setText(findTestObject("Object Repository/Amazon_Registration_OR/Page_Amazon Registration/input_customerName"), "Nitheeshaaa"): Text 'Nitheeshaaa' is set on object 'Object Repository/Amazon_Registration_OR/Page_Amazon Registration/input_customerName'

27-01-2024T01:31:39 - [MESSAGE][PASSED] - Text 'Nitheeshaaa' is set on object 'Object Repository/Amazon_Registration_OR/Page_Amazon Registration/input_customerName'

27-01-2024T01:31:39 - [TEST_STEP][PASSED] - setText(findTestObject("Object Repository/Amazon_Registration_OR/Page_Amazon Registration/input_email"), "6301737617"): Text '6301737617' is set on object 'Object Repository/Amazon_Registration_OR/Page_Amazon Registration/input_email'

27-01-2024T01:31:40 - [MESSAGE][PASSED] - Text '6301737617' is set on object 'Object Repository/Amazon_Registration_OR/Page_Amazon Registration/input_email'

27-01-2024T01:31:40 - [TEST_STEP][PASSED] - click(findTestObject("Object Repository/Amazon_Registration_OR/Page_Amazon Registration/span_US 1")): Object: 'Object Repository/Amazon_Registration_OR/Page_Amazon Registration/span_US 1' is clicked on

27-01-2024T01:35:30 - [MESSAGE][PASSED] - Object: 'Object Repository/Amazon_Registration_OR/Page_Amazon Registration/span_US 1' is clicked on

27-01-2024T01:35:30 - [TEST_STEP][PASSED] - click(findTestObject("Object Repository/Amazon_Registration_OR/Page_Amazon Registration/a_India 91")): Object: 'Object Repository/Amazon_Registration_OR/Page_Amazon Registration/a_India 91' is clicked on

27-01-2024T01:35:31 - [MESSAGE][PASSED] - Object: 'Object Repository/Amazon_Registration_OR/Page_Amazon Registration/a_India 91' is clicked on

27-01-2024T01:35:31 - [TEST_STEP][PASSED] - setEncryptedText(findTestObject("Object Repository/Amazon_Registration_OR/Page_Amazon Registration/input_password"), "J8q1Kij5A04="): Text ****** has been set on object 'Object Repository/Amazon_Registration_OR/Page_Amazon Registration/input_password'

27-01-2024T01:35:31 - [MESSAGE][PASSED] - Text ****** has been set on object 'Object Repository/Amazon_Registration_OR/Page_Amazon Registration/input_password'

27-01-2024T01:35:31 - [TEST_STEP][PASSED] - setEncryptedText(findTestObject("Object Repository/Amazon_Registration_OR/Page_Amazon Registration/input_passwordCheck"), "J8q1Kij5A04="): Text ****** has been set on object 'Object Repository/Amazon_Registration_OR/Page_Amazon Registration/input_passwordCheck'

27-01-2024T01:35:32 - [MESSAGE][PASSED] - Text ****** has been set on object 'Object Repository/Amazon_Registration_OR/Page_Amazon Registration/input_passwordCheck'

27-01-2024T01:35:32 - [TEST_STEP][PASSED] - click(findTestObject("Object Repository/Amazon_Registration_OR/Page_Amazon Registration/inputcontinue")): Object: 'Object Repository/Amazon_Registration_OR/Page_Amazon Registration/inputcontinue' is clicked on

27-01-2024T01:35:36 - [MESSAGE][PASSED] - Object: 'Object Repository/Amazon_Registration_OR/Page_Amazon Registration/inputcontinue' is clicked on

27-01-2024T01:35:36 - [TEST_STEP][PASSED] - closeBrowser(): Browser is closed

27-01-2024T01:35:43 - [MESSAGE][PASSED] - Browser is closed]]></system-out>
         <system-err><![CDATA[]]></system-err>
      </testcase>
      <testcase name="Test Cases/TC_Amazon_Validation/TC_Amazon_Sign In_002" time="32.751" classname="Test Cases/TC_Amazon_Validation/TC_Amazon_Sign In_002" status="PASSED">
         <system-out><![CDATA[27-01-2024T01:35:43 - [TEST_CASE][PASSED] - Test Cases/TC_Amazon_Validation/TC_Amazon_Sign In_002: Test Cases/TC_Amazon_Validation/TC_Amazon_Sign In_002

27-01-2024T01:35:43 - [TEST_STEP][PASSED] - openBrowser(""): Browser is opened with url: ''

27-01-2024T01:35:43 - [MESSAGE][INFO] - Starting 'Chrome' driver

27-01-2024T01:35:43 - [MESSAGE][INFO] - Action delay is set to 0 milliseconds

27-01-2024T01:35:45 - [MESSAGE][PASSED] - Browser is opened with url: ''

27-01-2024T01:35:45 - [TEST_STEP][PASSED] - navigateToUrl("https://www.amazon.com/"): Navigate to 'https://www.amazon.com/' successfully

27-01-2024T01:36:01 - [MESSAGE][PASSED] - Navigate to 'https://www.amazon.com/' successfully

27-01-2024T01:36:01 - [TEST_STEP][PASSED] - maximizeWindow(): Current window maximized

27-01-2024T01:36:02 - [MESSAGE][PASSED] - Current window maximized

27-01-2024T01:36:02 - [TEST_STEP][PASSED] - click(findTestObject("Object Repository/Amazon_Sign In_OR/Page_Amazon.com. Spend less. Smile more/span_Hello, sign in")): Object: 'Object Repository/Amazon_Sign In_OR/Page_Amazon.com. Spend less. Smile more/span_Hello, sign in' is clicked on

27-01-2024T01:36:06 - [MESSAGE][PASSED] - Object: 'Object Repository/Amazon_Sign In_OR/Page_Amazon.com. Spend less. Smile more/span_Hello, sign in' is clicked on

27-01-2024T01:36:06 - [TEST_STEP][PASSED] - setText(findTestObject("Object Repository/Amazon_Sign In_OR/Page_Amazon Sign-In/input_email"), "nitheeshaboggavarapu@gmail.com"): Text 'nitheeshaboggavarapu@gmail.com' is set on object 'Object Repository/Amazon_Sign In_OR/Page_Amazon Sign-In/input_email'

27-01-2024T01:36:07 - [MESSAGE][PASSED] - Text 'nitheeshaboggavarapu@gmail.com' is set on object 'Object Repository/Amazon_Sign In_OR/Page_Amazon Sign-In/input_email'

27-01-2024T01:36:07 - [TEST_STEP][PASSED] - click(findTestObject("Object Repository/Amazon_Sign In_OR/Page_Amazon Sign-In/inputcontinue")): Object: 'Object Repository/Amazon_Sign In_OR/Page_Amazon Sign-In/inputcontinue' is clicked on

27-01-2024T01:36:14 - [MESSAGE][PASSED] - Object: 'Object Repository/Amazon_Sign In_OR/Page_Amazon Sign-In/inputcontinue' is clicked on

27-01-2024T01:36:14 - [TEST_STEP][PASSED] - setEncryptedText(findTestObject("Object Repository/Amazon_Sign In_OR/Page_Amazon Sign-In/input_password"), "nRJItQ52hW9bpRr794Hihg=="): Text ****** has been set on object 'Object Repository/Amazon_Sign In_OR/Page_Amazon Sign-In/input_password'

27-01-2024T01:36:15 - [MESSAGE][PASSED] - Text ****** has been set on object 'Object Repository/Amazon_Sign In_OR/Page_Amazon Sign-In/input_password'

27-01-2024T01:36:15 - [TEST_STEP][PASSED] - click(findTestObject("Object Repository/Amazon_Sign In_OR/Page_Amazon Sign-In/inputsignInSubmit")): Object: 'Object Repository/Amazon_Sign In_OR/Page_Amazon Sign-In/inputsignInSubmit' is clicked on

27-01-2024T01:36:15 - [MESSAGE][PASSED] - Object: 'Object Repository/Amazon_Sign In_OR/Page_Amazon Sign-In/inputsignInSubmit' is clicked on

27-01-2024T01:36:15 - [TEST_STEP][PASSED] - closeBrowser(): Browser is closed

27-01-2024T01:36:16 - [MESSAGE][PASSED] - Browser is closed]]></system-out>
         <system-err><![CDATA[]]></system-err>
      </testcase>
      <testcase name="Test Cases/TC_Amazon_Validation/TC_Amazon_Search_003" time="27.669" classname="Test Cases/TC_Amazon_Validation/TC_Amazon_Search_003" status="PASSED">
         <system-out><![CDATA[27-01-2024T01:36:16 - [TEST_CASE][PASSED] - Test Cases/TC_Amazon_Validation/TC_Amazon_Search_003: Test Cases/TC_Amazon_Validation/TC_Amazon_Search_003

27-01-2024T01:36:16 - [TEST_STEP][PASSED] - openBrowser(""): Browser is opened with url: ''

27-01-2024T01:36:16 - [MESSAGE][INFO] - Starting 'Chrome' driver

27-01-2024T01:36:16 - [MESSAGE][INFO] - Action delay is set to 0 milliseconds

27-01-2024T01:36:23 - [MESSAGE][PASSED] - Browser is opened with url: ''

27-01-2024T01:36:23 - [TEST_STEP][PASSED] - navigateToUrl("https://www.amazon.com/"): Navigate to 'https://www.amazon.com/' successfully

27-01-2024T01:36:28 - [MESSAGE][PASSED] - Navigate to 'https://www.amazon.com/' successfully

27-01-2024T01:36:28 - [TEST_STEP][PASSED] - maximizeWindow(): Current window maximized

27-01-2024T01:36:28 - [MESSAGE][PASSED] - Current window maximized

27-01-2024T01:36:28 - [TEST_STEP][PASSED] - selectOptionByValue(findTestObject("Object Repository/Amazon_Search_OR/Page_Amazon.com. Spend less. Smile more/select_All Departments        Arts  Crafts _135c92"), "search-alias=baby-products-intl-ship", true): All options with value 'search-alias=baby-products-intl-ship' are selected in object 'Object Repository/Amazon_Search_OR/Page_Amazon.com. Spend less. Smile more/select_All Departments        Arts  Crafts _135c92'  using regular expression

27-01-2024T01:36:35 - [MESSAGE][PASSED] - All options with value 'search-alias=baby-products-intl-ship' are selected in object 'Object Repository/Amazon_Search_OR/Page_Amazon.com. Spend less. Smile more/select_All Departments        Arts  Crafts _135c92'  using regular expression

27-01-2024T01:36:35 - [TEST_STEP][PASSED] - setText(findTestObject("Object Repository/Amazon_Search_OR/Page_Amazon.com. Spend less. Smile more/input_field-keywords"), "Stroller"): Text 'Stroller' is set on object 'Object Repository/Amazon_Search_OR/Page_Amazon.com. Spend less. Smile more/input_field-keywords'

27-01-2024T01:36:36 - [MESSAGE][PASSED] - Text 'Stroller' is set on object 'Object Repository/Amazon_Search_OR/Page_Amazon.com. Spend less. Smile more/input_field-keywords'

27-01-2024T01:36:36 - [TEST_STEP][PASSED] - click(findTestObject("Object Repository/Amazon_Search_OR/Page_Amazon.com. Spend less. Smile more/inputnav-search-submit-button")): Object: 'Object Repository/Amazon_Search_OR/Page_Amazon.com. Spend less. Smile more/inputnav-search-submit-button' is clicked on

27-01-2024T01:36:43 - [MESSAGE][PASSED] - Object: 'Object Repository/Amazon_Search_OR/Page_Amazon.com. Spend less. Smile more/inputnav-search-submit-button' is clicked on

27-01-2024T01:36:43 - [TEST_STEP][PASSED] - closeBrowser(): Browser is closed

27-01-2024T01:36:43 - [MESSAGE][PASSED] - Browser is closed]]></system-out>
         <system-err><![CDATA[]]></system-err>
      </testcase>
      <testcase name="Test Cases/TC_Amazon_Validation/TC_Amazon_Add to Cart_004" time="42.94" classname="Test Cases/TC_Amazon_Validation/TC_Amazon_Add to Cart_004" status="PASSED">
         <system-out><![CDATA[27-01-2024T01:36:43 - [TEST_CASE][PASSED] - Test Cases/TC_Amazon_Validation/TC_Amazon_Add to Cart_004: Test Cases/TC_Amazon_Validation/TC_Amazon_Add to Cart_004

27-01-2024T01:36:43 - [TEST_STEP][PASSED] - openBrowser(""): Browser is opened with url: ''

27-01-2024T01:36:43 - [MESSAGE][INFO] - Starting 'Chrome' driver

27-01-2024T01:36:43 - [MESSAGE][INFO] - Action delay is set to 0 milliseconds

27-01-2024T01:36:44 - [MESSAGE][PASSED] - Browser is opened with url: ''

27-01-2024T01:36:44 - [TEST_STEP][PASSED] - navigateToUrl("https://www.amazon.com/"): Navigate to 'https://www.amazon.com/' successfully

27-01-2024T01:36:55 - [MESSAGE][PASSED] - Navigate to 'https://www.amazon.com/' successfully

27-01-2024T01:36:55 - [TEST_STEP][PASSED] - maximizeWindow(): Current window maximized

27-01-2024T01:36:55 - [MESSAGE][PASSED] - Current window maximized

27-01-2024T01:36:55 - [TEST_STEP][PASSED] - selectOptionByValue(findTestObject("Object Repository/Amazon_Add to Cart_OR/Page_Amazon.com. Spend less. Smile more/select_All Departments        Arts  Crafts _135c92"), "search-alias=electronics-intl-ship", true): All options with value 'search-alias=electronics-intl-ship' are selected in object 'Object Repository/Amazon_Add to Cart_OR/Page_Amazon.com. Spend less. Smile more/select_All Departments        Arts  Crafts _135c92'  using regular expression

27-01-2024T01:36:59 - [MESSAGE][PASSED] - All options with value 'search-alias=electronics-intl-ship' are selected in object 'Object Repository/Amazon_Add to Cart_OR/Page_Amazon.com. Spend less. Smile more/select_All Departments        Arts  Crafts _135c92'  using regular expression

27-01-2024T01:36:59 - [TEST_STEP][PASSED] - setText(findTestObject("Object Repository/Amazon_Add to Cart_OR/Page_Amazon.com. Spend less. Smile more/input_field-keywords"), "Mouse"): Text 'Mouse' is set on object 'Object Repository/Amazon_Add to Cart_OR/Page_Amazon.com. Spend less. Smile more/input_field-keywords'

27-01-2024T01:37:01 - [MESSAGE][PASSED] - Text 'Mouse' is set on object 'Object Repository/Amazon_Add to Cart_OR/Page_Amazon.com. Spend less. Smile more/input_field-keywords'

27-01-2024T01:37:01 - [TEST_STEP][PASSED] - click(findTestObject("Object Repository/Amazon_Add to Cart_OR/Page_Amazon.com. Spend less. Smile more/inputnav-search-submit-button")): Object: 'Object Repository/Amazon_Add to Cart_OR/Page_Amazon.com. Spend less. Smile more/inputnav-search-submit-button' is clicked on

27-01-2024T01:37:11 - [MESSAGE][PASSED] - Object: 'Object Repository/Amazon_Add to Cart_OR/Page_Amazon.com. Spend less. Smile more/inputnav-search-submit-button' is clicked on

27-01-2024T01:37:11 - [TEST_STEP][PASSED] - click(findTestObject("Object Repository/Amazon_Add to Cart_OR/Page_Amazon.com  Mouse/span_Amazon Basics 2.4 Ghz Wireless Optical_dbf87c")): Object: 'Object Repository/Amazon_Add to Cart_OR/Page_Amazon.com  Mouse/span_Amazon Basics 2.4 Ghz Wireless Optical_dbf87c' is clicked on

27-01-2024T01:37:20 - [MESSAGE][PASSED] - Object: 'Object Repository/Amazon_Add to Cart_OR/Page_Amazon.com  Mouse/span_Amazon Basics 2.4 Ghz Wireless Optical_dbf87c' is clicked on

27-01-2024T01:37:20 - [TEST_STEP][PASSED] - click(findTestObject("Object Repository/Amazon_Add to Cart_OR/Page_Amazon.com Amazon Basics 2.4 Ghz Wirel_3fd674/span_Quantity1")): Object: 'Object Repository/Amazon_Add to Cart_OR/Page_Amazon.com Amazon Basics 2.4 Ghz Wirel_3fd674/span_Quantity1' is clicked on

27-01-2024T01:37:21 - [MESSAGE][PASSED] - Object: 'Object Repository/Amazon_Add to Cart_OR/Page_Amazon.com Amazon Basics 2.4 Ghz Wirel_3fd674/span_Quantity1' is clicked on

27-01-2024T01:37:21 - [TEST_STEP][PASSED] - click(findTestObject("Object Repository/Amazon_Add to Cart_OR/Page_Amazon.com Amazon Basics 2.4 Ghz Wirel_3fd674/a_5")): Object: 'Object Repository/Amazon_Add to Cart_OR/Page_Amazon.com Amazon Basics 2.4 Ghz Wirel_3fd674/a_5' is clicked on

27-01-2024T01:37:21 - [MESSAGE][PASSED] - Object: 'Object Repository/Amazon_Add to Cart_OR/Page_Amazon.com Amazon Basics 2.4 Ghz Wirel_3fd674/a_5' is clicked on

27-01-2024T01:37:21 - [TEST_STEP][PASSED] - click(findTestObject("Object Repository/Amazon_Add to Cart_OR/Page_Amazon.com Amazon Basics 2.4 Ghz Wirel_3fd674/input_gift-wrap")): Object: 'Object Repository/Amazon_Add to Cart_OR/Page_Amazon.com Amazon Basics 2.4 Ghz Wirel_3fd674/input_gift-wrap' is clicked on

27-01-2024T01:37:23 - [MESSAGE][PASSED] - Object: 'Object Repository/Amazon_Add to Cart_OR/Page_Amazon.com Amazon Basics 2.4 Ghz Wirel_3fd674/input_gift-wrap' is clicked on

27-01-2024T01:37:23 - [TEST_STEP][PASSED] - click(findTestObject("Object Repository/Amazon_Add to Cart_OR/Page_Amazon.com Amazon Basics 2.4 Ghz Wirel_3fd674/input_submit.add-to-cart")): Object: 'Object Repository/Amazon_Add to Cart_OR/Page_Amazon.com Amazon Basics 2.4 Ghz Wirel_3fd674/input_submit.add-to-cart' is clicked on

27-01-2024T01:37:25 - [MESSAGE][PASSED] - Object: 'Object Repository/Amazon_Add to Cart_OR/Page_Amazon.com Amazon Basics 2.4 Ghz Wirel_3fd674/input_submit.add-to-cart' is clicked on

27-01-2024T01:37:25 - [TEST_STEP][PASSED] - closeBrowser(): Browser is closed

27-01-2024T01:37:26 - [MESSAGE][PASSED] - Browser is closed]]></system-out>
         <system-err><![CDATA[]]></system-err>
      </testcase>
      <testcase name="Test Cases/TC_Amazon_Validation/TC_Amazon_Orders_005" time="38.228" classname="Test Cases/TC_Amazon_Validation/TC_Amazon_Orders_005" status="PASSED">
         <system-out><![CDATA[27-01-2024T01:37:26 - [TEST_CASE][PASSED] - Test Cases/TC_Amazon_Validation/TC_Amazon_Orders_005: Test Cases/TC_Amazon_Validation/TC_Amazon_Orders_005

27-01-2024T01:37:26 - [TEST_STEP][PASSED] - openBrowser(""): Browser is opened with url: ''

27-01-2024T01:37:26 - [MESSAGE][INFO] - Starting 'Chrome' driver

27-01-2024T01:37:26 - [MESSAGE][INFO] - Action delay is set to 0 milliseconds

27-01-2024T01:37:31 - [MESSAGE][PASSED] - Browser is opened with url: ''

27-01-2024T01:37:31 - [TEST_STEP][PASSED] - navigateToUrl("https://www.amazon.com/"): Navigate to 'https://www.amazon.com/' successfully

27-01-2024T01:37:37 - [MESSAGE][PASSED] - Navigate to 'https://www.amazon.com/' successfully

27-01-2024T01:37:37 - [TEST_STEP][PASSED] - click(findTestObject("Object Repository/Amazon_Orders_OR/Page_Amazon.com. Spend less. Smile more/span_nav-cart-icon nav-sprite")): Object: 'Object Repository/Amazon_Orders_OR/Page_Amazon.com. Spend less. Smile more/span_nav-cart-icon nav-sprite' is clicked on

27-01-2024T01:37:43 - [MESSAGE][PASSED] - Object: 'Object Repository/Amazon_Orders_OR/Page_Amazon.com. Spend less. Smile more/span_nav-cart-icon nav-sprite' is clicked on

27-01-2024T01:37:43 - [TEST_STEP][PASSED] - click(findTestObject("Object Repository/Amazon_Orders_OR/Page_Amazon.com Shopping Cart/span_Sign in to your account")): Object: 'Object Repository/Amazon_Orders_OR/Page_Amazon.com Shopping Cart/span_Sign in to your account' is clicked on

27-01-2024T01:37:45 - [MESSAGE][PASSED] - Object: 'Object Repository/Amazon_Orders_OR/Page_Amazon.com Shopping Cart/span_Sign in to your account' is clicked on

27-01-2024T01:37:45 - [TEST_STEP][PASSED] - setText(findTestObject("Object Repository/Amazon_Orders_OR/Page_Amazon Sign-In/input_email"), "nitheeshaboggavarapu@gmail.com"): Text 'nitheeshaboggavarapu@gmail.com' is set on object 'Object Repository/Amazon_Orders_OR/Page_Amazon Sign-In/input_email'

27-01-2024T01:37:50 - [MESSAGE][PASSED] - Text 'nitheeshaboggavarapu@gmail.com' is set on object 'Object Repository/Amazon_Orders_OR/Page_Amazon Sign-In/input_email'

27-01-2024T01:37:50 - [TEST_STEP][PASSED] - click(findTestObject("Object Repository/Amazon_Orders_OR/Page_Amazon Sign-In/inputcontinue")): Object: 'Object Repository/Amazon_Orders_OR/Page_Amazon Sign-In/inputcontinue' is clicked on

27-01-2024T01:37:52 - [MESSAGE][PASSED] - Object: 'Object Repository/Amazon_Orders_OR/Page_Amazon Sign-In/inputcontinue' is clicked on

27-01-2024T01:37:52 - [TEST_STEP][PASSED] - setEncryptedText(findTestObject("Object Repository/Amazon_Orders_OR/Page_Amazon Sign-In/input_password"), "nRJItQ52hW9bpRr794Hihg=="): Text ****** has been set on object 'Object Repository/Amazon_Orders_OR/Page_Amazon Sign-In/input_password'

27-01-2024T01:37:54 - [MESSAGE][PASSED] - Text ****** has been set on object 'Object Repository/Amazon_Orders_OR/Page_Amazon Sign-In/input_password'

27-01-2024T01:37:54 - [TEST_STEP][PASSED] - click(findTestObject("Object Repository/Amazon_Orders_OR/Page_Amazon Sign-In/inputsignInSubmit")): Object: 'Object Repository/Amazon_Orders_OR/Page_Amazon Sign-In/inputsignInSubmit' is clicked on

27-01-2024T01:37:54 - [MESSAGE][PASSED] - Object: 'Object Repository/Amazon_Orders_OR/Page_Amazon Sign-In/inputsignInSubmit' is clicked on

27-01-2024T01:37:54 - [TEST_STEP][PASSED] - click(findTestObject("Object Repository/Amazon_Orders_OR/Page_Amazon.com Shopping Cart/input_proceedToRetailCheckout")): Object: 'Object Repository/Amazon_Orders_OR/Page_Amazon.com Shopping Cart/input_proceedToRetailCheckout' is clicked on

27-01-2024T01:38:04 - [MESSAGE][PASSED] - Object: 'Object Repository/Amazon_Orders_OR/Page_Amazon.com Shopping Cart/input_proceedToRetailCheckout' is clicked on

27-01-2024T01:38:04 - [TEST_STEP][PASSED] - closeBrowser(): Browser is closed

27-01-2024T01:38:04 - [MESSAGE][PASSED] - Browser is closed]]></system-out>
         <system-err><![CDATA[]]></system-err>
      </testcase>
      <system-out><![CDATA[27-01-2024T01:29:20 - [TEST_SUITE][PASSED] - Amazon_Test Suite: Test Cases/TC_Amazon_Validation/TC_Amazon_Orders_005]]></system-out>
      <system-err><![CDATA[]]></system-err>
   </testsuite>
</testsuites>
